libs/ui/xView/build/intermediates/manifest_merge_blame_file/debug/processDebugManifest/manifest-merger-blame-debug-report.txt
1<?xml version="1.0" encoding="utf-8"?>
2<!--
3  ~ QAuxiliary - An Xposed module for QQ/TIM
4  ~ Copyright (C) 2019-2023 QAuxiliary developers
5  ~ https://github.com/cinit/QAuxiliary
6  ~
7  ~ This software is non-free but opensource software: you can redistribute it
8  ~ and/or modify it under the terms of the GNU Affero General Public License
9  ~ as published by the Free Software Foundation; either
10  ~ version 3 of the License, or any later version and our eula as published
11  ~ by QAuxiliary contributors.
12  ~
13  ~ This software is distributed in the hope that it will be useful,
14  ~ but WITHOUT ANY WARRANTY; without even the implied warranty of
15  ~ MERCHANTABILITY or FITNESS FOR A PARTICULAR PURPOSE.  See the GNU
16  ~ Affero General Public License for more details.
17  ~
18  ~ You should have received a copy of the GNU Affero General Public License
19  ~ and eula along with this software.  If not, see
20  ~ <https://www.gnu.org/licenses/>
21  ~ <https://github.com/cinit/QAuxiliary/blob/master/LICENSE.md>.
22-->
23<manifest xmlns:android="http://schemas.android.com/apk/res/android"
24    package="com.lxj.xpopup" >
25
26    <uses-sdk android:minSdkVersion="29" />
27
28</manifest>